<?xml version="1.0" encoding="UTF-8"?>
<!-- Generated by org.testng.reporters.JUnitReportReporter -->
<testsuite hostname="DESKTOP-B39B0CL" failures="0" tests="2" name="test_case.CreatedAc" time="1.910" errors="0" timestamp="2023-08-22T01:56:45 IST" skipped="0">
  <testcase classname="test_case.CreatedAc" name="testca" time="1.868"/>
  <system-out/>
  <testcase classname="test_case.CreatedAc" name="title" time="0.042"/>
  <system-out/>
</testsuite> <!-- test_case.CreatedAc -->
